#
# A fatal error has been detected by the Java Runtime Environment:
#
#  EXCEPTION_ACCESS_VIOLATION (0xc0000005) at pc=0x00007ff9d1da890f, pid=14328, tid=8992
#
# JRE version: OpenJDK Runtime Environment Temurin-11.0.12+7 (11.0.12+7) (build 11.0.12+7)
# Java VM: OpenJDK 64-Bit Server VM Temurin-11.0.12+7 (11.0.12+7, mixed mode, tiered, compressed oops, parallel gc, windows-amd64)
# Problematic frame:
# V  [jvm.dll+0x18890f]
#
# No core dump will be written. Minidumps are not enabled by default on client versions of Windows
#
# If you would like to submit a bug report, please visit:
#   https://github.com/adoptium/adoptium-support/issues
#

---------------  S U M M A R Y ------------

Command Line: --add-modules=ALL-SYSTEM --add-opens=java.base/java.util=ALL-UNNAMED --add-opens=java.base/java.lang=ALL-UNNAMED -Declipse.application=org.eclipse.jdt.ls.core.id1 -Dosgi.bundles.defaultStartLevel=4 -Declipse.product=org.eclipse.jdt.ls.core.product -Dfile.encoding=utf8 -DwatchParentProcess=false -XX:+UseParallelGC -XX:GCTimeRatio=4 -XX:AdaptiveSizePolicyWeight=90 -Dsun.zip.disableMemoryMapping=true -Xmx1G -Xms100m -javaagent:c:\Users\Grey\.vscode\extensions\gabrielbb.vscode-lombok-1.0.1\server\lombok.jar -Xverify:none c:\Users\Grey\.vscode\extensions\redhat.java-0.81.0\server\plugins\org.eclipse.equinox.launcher_1.6.200.v20210416-2027.jar -configuration c:\Users\Grey\AppData\Roaming\Code\User\globalStorage\redhat.java\0.81.0\config_ss_win -data c:\Users\Grey\AppData\Roaming\Code\User\workspaceStorage\31c77627d4f019969ae3594030c0cf17\redhat.java\ss_ws

Host: Intel(R) Core(TM) i7-8700 CPU @ 3.20GHz, 12 cores, 31G,  Windows 10 , 64 bit Build 22000 (10.0.22000.120)
Time: Fri Sep  3 12:50:24 2021 中国标准时间 elapsed time: 4.418806 seconds (0d 0h 0m 4s)

---------------  T H R E A D  ---------------

Current thread (0x000001e93aceb000):  JavaThread "C1 CompilerThread0" daemon [_thread_in_native, id=8992, stack(0x00000014ce600000,0x00000014ce700000)]


Current CompileTask:
C1:   4418 3703   !   3       org.eclipse.jdt.internal.compiler.parser.Scanner::getNextToken0 (3042 bytes)

Stack: [0x00000014ce600000,0x00000014ce700000],  sp=0x00000014ce6fe290,  free space=1016k
Native frames: (J=compiled Java code, j=interpreted, Vv=VM code, C=native code)
V  [jvm.dll+0x18890f]
V  [jvm.dll+0x142f10]
V  [jvm.dll+0x13f77e]
V  [jvm.dll+0x142645]
V  [jvm.dll+0x1426a7]
V  [jvm.dll+0x1426a7]
V  [jvm.dll+0x1426a7]
V  [jvm.dll+0x1426a7]
V  [jvm.dll+0x1426a7]
V  [jvm.dll+0x1426a7]
V  [jvm.dll+0x1426a7]
V  [jvm.dll+0x1426a7]
V  [jvm.dll+0x1426a7]
V  [jvm.dll+0x1426a7]
V  [jvm.dll+0x1426a7]
V  [jvm.dll+0x1426a7]
V  [jvm.dll+0x1426a7]
V  [jvm.dll+0x1426a7]
V  [jvm.dll+0x1426a7]
V  [jvm.dll+0x1426a7]
V  [jvm.dll+0x1426a7]
V  [jvm.dll+0x1426a7]
V  [jvm.dll+0x1426a7]
V  [jvm.dll+0x1426a7]
V  [jvm.dll+0x1426a7]
V  [jvm.dll+0x1426a7]
V  [jvm.dll+0x1426a7]
V  [jvm.dll+0x1426a7]
V  [jvm.dll+0x1426a7]
V  [jvm.dll+0x142676]
V  [jvm.dll+0x1426a7]
V  [jvm.dll+0x1426a7]
V  [jvm.dll+0x1426a7]
V  [jvm.dll+0x1426a7]
V  [jvm.dll+0x1426a7]
V  [jvm.dll+0x1426a7]
V  [jvm.dll+0x142798]
V  [jvm.dll+0x12ebde]
V  [jvm.dll+0x13ebaa]
V  [jvm.dll+0x129e69]
V  [jvm.dll+0x12a1d0]
V  [jvm.dll+0x12a48f]
V  [jvm.dll+0x129737]
V  [jvm.dll+0x12b647]
V  [jvm.dll+0x213d67]
V  [jvm.dll+0x211f2b]
V  [jvm.dll+0x74ec19]
V  [jvm.dll+0x747c84]
V  [jvm.dll+0x600ba6]
C  [ucrtbase.dll+0x26c0c]
C  [KERNEL32.DLL+0x154e0]
C  [ntdll.dll+0x485b]


siginfo: EXCEPTION_ACCESS_VIOLATION (0xc0000005), reading address 0x0000008600000018


Register to memory mapping:

RIP=0x00007ff9d1da890f jvm.dll
RAX=0x000001e93acef470 points into unknown readable memory: 0x00007ff9d247b5a8 | a8 b5 47 d2 f9 7f 00 00
RBX=0x000001e949ad0880 points into unknown readable memory: 0x0000000000000000 | 00 00 00 00 00 00 00 00
RCX=0x000001e949c89e50 points into unknown readable memory: 0x00007ff9d247f9f0 | f0 f9 47 d2 f9 7f 00 00
RDX=0x000001e949ad0868 points into unknown readable memory: 0x000001e949c89e50 | 50 9e c8 49 e9 01 00 00
RSP=0x00000014ce6fe290 is pointing into the stack for thread: 0x000001e93aceb000
RBP=0x000000000000000f is an unknown value
RSI=0x0000008600000000 is an unknown value
RDI=0x0000000000000004 is an unknown value
R8 =0x00000014ce6feb30 is pointing into the stack for thread: 0x000001e93aceb000
R9 =0x000000000000009e is an unknown value
R10=0x000001e949fd9740 points into unknown readable memory: 0x0000000000000000 | 00 00 00 00 00 00 00 00
R11=0x00000014ce6fe9a0 is pointing into the stack for thread: 0x000001e93aceb000
R12=0x0 is NULL
R13=0x000001e949ad07c0 points into unknown readable memory: 0x000001e949fb2a00 | 00 2a fb 49 e9 01 00 00
R14=0x00000014ce6feb40 is pointing into the stack for thread: 0x000001e93aceb000
R15=0x000001e949ad0860 points into unknown readable memory: 0x000001e949cfd380 | 80 d3 cf 49 e9 01 00 00


Registers:
RAX=0x000001e93acef470, RBX=0x000001e949ad0880, RCX=0x000001e949c89e50, RDX=0x000001e949ad0868
RSP=0x00000014ce6fe290, RBP=0x000000000000000f, RSI=0x0000008600000000, RDI=0x0000000000000004
R8 =0x00000014ce6feb30, R9 =0x000000000000009e, R10=0x000001e949fd9740, R11=0x00000014ce6fe9a0
R12=0x0000000000000000, R13=0x000001e949ad07c0, R14=0x00000014ce6feb40, R15=0x000001e949ad0860
RIP=0x00007ff9d1da890f, EFLAGS=0x0000000000010206

Top of Stack: (sp=0x00000014ce6fe290)
0x00000014ce6fe290:   000001e949ad0868 00000014ce6fe9f0
0x00000014ce6fe2a0:   00000014ce6feb30 00007ff9d1d626a7
0x00000014ce6fe2b0:   0000000f0000000f 0000000000000000
0x00000014ce6fe2c0:   0000000000000007 000001e949ad0860
0x00000014ce6fe2d0:   0000000000000000 0000000000000000
0x00000014ce6fe2e0:   0000000f0000000f 0000000000000000
0x00000014ce6fe2f0:   0000000000000007 000001e949ad0740
0x00000014ce6fe300:   0000000000000000 0000000000000000
0x00000014ce6fe310:   ffffffffffffffff 0000000000000000
0x00000014ce6fe320:   0000000000000000 000001e949ad05d0
0x00000014ce6fe330:   0000000000000000 00007ff9d1d62f10
0x00000014ce6fe340:   000001e949d73c10 00000014ce6feb40
0x00000014ce6fe350:   00000014ce6feb40 000001e949ae7130
0x00000014ce6fe360:   000001e949d73c10 00007ff9d1d5f77e
0x00000014ce6fe370:   000001e949ad05d0 000001e949d737b0
0x00000014ce6fe380:   000001e949d73c10 000001e949ae6440 

Instructions: (pc=0x00007ff9d1da890f)
0x00007ff9d1da880f:   f7 ff 48 85 c0 74 1d f7 d6 4c 8b c5 44 8b ce 49
0x00007ff9d1da881f:   8b d6 48 8b c8 e8 e7 f5 ff ff 48 8b 4b 50 48 89
0x00007ff9d1da882f:   04 0f eb 0c 48 8b 4b 50 48 c7 04 0f 00 00 00 00
0x00007ff9d1da883f:   48 8b 5c 24 30 48 8b 6c 24 38 48 8b 74 24 40 48
0x00007ff9d1da884f:   8b 7c 24 48 48 83 c4 20 41 5e c3 cc cc cc cc cc
0x00007ff9d1da885f:   cc 33 c0 48 85 c9 74 15 66 0f 1f 84 00 00 00 00
0x00007ff9d1da886f:   00 03 41 58 48 8b 49 08 48 85 c9 75 f4 c3 cc cc
0x00007ff9d1da887f:   cc ff 49 58 33 c0 48 85 c9 74 12 66 0f 1f 44 00
0x00007ff9d1da888f:   00 03 41 58 48 8b 49 08 48 85 c9 75 f4 c3 cc cc
0x00007ff9d1da889f:   cc 48 85 c9 0f 84 f6 01 00 00 48 8b c4 41 55 41
0x00007ff9d1da88af:   56 48 81 ec 98 00 00 00 48 89 58 08 4c 8b f2 48
0x00007ff9d1da88bf:   89 68 10 4c 8b e9 48 89 70 18 48 89 78 e8 4c 89
0x00007ff9d1da88cf:   60 e0 45 33 e4 4c 89 78 d8 0f 1f 84 00 00 00 00
0x00007ff9d1da88df:   00 41 0f 10 4d 18 41 8b fc 41 0f 10 45 28 66 0f
0x00007ff9d1da88ef:   7e cd 0f 29 44 24 30 4c 8b 7c 24 38 0f 29 4c 24
0x00007ff9d1da88ff:   20 85 ed 7e 3a 49 8b df 48 8b 33 48 85 f6 74 25
0x00007ff9d1da890f:   48 8b 46 18 83 78 0c 08 74 1b 49 8b 06 48 8b d3
0x00007ff9d1da891f:   49 8b ce ff 10 48 8b 46 18 83 78 08 02 75 06 ff
0x00007ff9d1da892f:   c7 48 83 c3 08 ff c7 48 83 c3 08 3b fd 7c c9 48
0x00007ff9d1da893f:   83 7c 24 28 01 75 17 44 89 64 24 20 4d 85 ff 74
0x00007ff9d1da894f:   0d 49 8b d7 48 8d 4c 24 20 e8 23 50 05 00 41 0f
0x00007ff9d1da895f:   10 4d 38 41 8b fc 41 0f 10 45 48 66 0f 7e cd 0f
0x00007ff9d1da896f:   29 44 24 50 4c 8b 7c 24 58 0f 29 4c 24 40 85 ed
0x00007ff9d1da897f:   7e 3a 49 8b df 48 8b 33 48 85 f6 74 25 48 8b 46
0x00007ff9d1da898f:   18 83 78 0c 08 74 1b 49 8b 06 48 8b d3 49 8b ce
0x00007ff9d1da899f:   ff 10 48 8b 46 18 83 78 08 02 75 06 ff c7 48 83
0x00007ff9d1da89af:   c3 08 ff c7 48 83 c3 08 3b fd 7c c9 48 83 7c 24
0x00007ff9d1da89bf:   48 01 75 17 44 89 64 24 40 4d 85 ff 74 0d 49 8b
0x00007ff9d1da89cf:   d7 48 8d 4c 24 40 e8 a6 4f 05 00 41 0f 10 4d 58
0x00007ff9d1da89df:   41 8b fc 41 0f 10 45 68 66 0f 7e cd 0f 29 44 24
0x00007ff9d1da89ef:   70 4c 8b 7c 24 78 0f 29 4c 24 60 85 ed 7e 3a 49
0x00007ff9d1da89ff:   8b df 48 8b 33 48 85 f6 74 25 48 8b 46 18 83 78 


Stack slot to memory mapping:
stack at sp + 0 slots: 0x000001e949ad0868 points into unknown readable memory: 0x000001e949c89e50 | 50 9e c8 49 e9 01 00 00
stack at sp + 1 slots: 0x00000014ce6fe9f0 is pointing into the stack for thread: 0x000001e93aceb000
stack at sp + 2 slots: 0x00000014ce6feb30 is pointing into the stack for thread: 0x000001e93aceb000
stack at sp + 3 slots: 0x00007ff9d1d626a7 jvm.dll
stack at sp + 4 slots: 0x0000000f0000000f is an unknown value
stack at sp + 5 slots: 0x0 is NULL
stack at sp + 6 slots: 0x0000000000000007 is an unknown value
stack at sp + 7 slots: 0x000001e949ad0860 points into unknown readable memory: 0x000001e949cfd380 | 80 d3 cf 49 e9 01 00 00


---------------  P R O C E S S  ---------------

Threads class SMR info:
_java_thread_list=0x000001e93da45ea0, length=25, elements={
0x000001e91ff21000, 0x000001e93ac76800, 0x000001e939fd0000, 0x000001e93accf800,
0x000001e93acd0800, 0x000001e93acd2000, 0x000001e93acd7800, 0x000001e93aceb000,
0x000001e93acf0800, 0x000001e93ae53800, 0x000001e93d067000, 0x000001e93cf99000,
0x000001e93d3bc000, 0x000001e93cccb000, 0x000001e93cfeb000, 0x000001e93d766000,
0x000001e93d354000, 0x000001e93d816000, 0x000001e93da94800, 0x000001e93ace7000,
0x000001e93acec000, 0x000001e93ace6800, 0x000001e93ace8000, 0x000001e93ace8800,
0x000001e93aced000
}

Java Threads: ( => current thread )
  0x000001e91ff21000 JavaThread "main" [_thread_blocked, id=8632, stack(0x00000014cdd00000,0x00000014cde00000)]
  0x000001e93ac76800 JavaThread "Reference Handler" daemon [_thread_blocked, id=4728, stack(0x00000014ce000000,0x00000014ce100000)]
  0x000001e939fd0000 JavaThread "Finalizer" daemon [_thread_blocked, id=8900, stack(0x00000014ce100000,0x00000014ce200000)]
  0x000001e93accf800 JavaThread "Signal Dispatcher" daemon [_thread_blocked, id=2160, stack(0x00000014ce200000,0x00000014ce300000)]
  0x000001e93acd0800 JavaThread "Attach Listener" daemon [_thread_blocked, id=12840, stack(0x00000014ce300000,0x00000014ce400000)]
  0x000001e93acd2000 JavaThread "Service Thread" daemon [_thread_blocked, id=12552, stack(0x00000014ce400000,0x00000014ce500000)]
  0x000001e93acd7800 JavaThread "C2 CompilerThread0" daemon [_thread_blocked, id=4172, stack(0x00000014ce500000,0x00000014ce600000)]
=>0x000001e93aceb000 JavaThread "C1 CompilerThread0" daemon [_thread_in_native, id=8992, stack(0x00000014ce600000,0x00000014ce700000)]
  0x000001e93acf0800 JavaThread "Sweeper thread" daemon [_thread_blocked, id=11464, stack(0x00000014ce700000,0x00000014ce800000)]
  0x000001e93ae53800 JavaThread "Common-Cleaner" daemon [_thread_blocked, id=13008, stack(0x00000014ce800000,0x00000014ce900000)]
  0x000001e93d067000 JavaThread "Active Thread: Equinox Container: 9344d3c0-6d69-42e9-8325-9f5319d8c37d" [_thread_blocked, id=2464, stack(0x00000014ceb00000,0x00000014cec00000)]
  0x000001e93cf99000 JavaThread "Framework Event Dispatcher: Equinox Container: 9344d3c0-6d69-42e9-8325-9f5319d8c37d" daemon [_thread_blocked, id=10392, stack(0x00000014ced00000,0x00000014cee00000)]
  0x000001e93d3bc000 JavaThread "Start Level: Equinox Container: 9344d3c0-6d69-42e9-8325-9f5319d8c37d" daemon [_thread_blocked, id=2112, stack(0x00000014cee00000,0x00000014cef00000)]
  0x000001e93cccb000 JavaThread "SCR Component Actor" daemon [_thread_blocked, id=2784, stack(0x00000014cf100000,0x00000014cf200000)]
  0x000001e93cfeb000 JavaThread "Timer-0" daemon [_thread_blocked, id=10456, stack(0x00000014cf200000,0x00000014cf300000)]
  0x000001e93d766000 JavaThread "Worker-JM" [_thread_blocked, id=7112, stack(0x00000014cf300000,0x00000014cf400000)]
  0x000001e93d354000 JavaThread "Worker-0" [_thread_blocked, id=10424, stack(0x00000014cf600000,0x00000014cf700000)]
  0x000001e93d816000 JavaThread "Worker-1" [_thread_blocked, id=12732, stack(0x00000014cf700000,0x00000014cf800000)]
  0x000001e93da94800 JavaThread "Worker-2" [_thread_blocked, id=12428, stack(0x00000014cfc00000,0x00000014cfd00000)]
  0x000001e93ace7000 JavaThread "pool-1-thread-1" [_thread_in_native, id=12736, stack(0x00000014cfe00000,0x00000014cff00000)]
  0x000001e93acec000 JavaThread "C2 CompilerThread1" daemon [_thread_in_native, id=4620, stack(0x00000014ce900000,0x00000014cea00000)]
  0x000001e93ace6800 JavaThread "C2 CompilerThread2" daemon [_thread_in_native, id=7172, stack(0x00000014cfd00000,0x00000014cfe00000)]
  0x000001e93ace8000 JavaThread "ForkJoinPool.commonPool-worker-19" daemon [_thread_blocked, id=10896, stack(0x00000014cff00000,0x00000014d0000000)]
  0x000001e93ace8800 JavaThread "ForkJoinPool.commonPool-worker-5" daemon [_thread_blocked, id=12088, stack(0x00000014d0000000,0x00000014d0100000)]
  0x000001e93aced000 JavaThread "ForkJoinPool.commonPool-worker-23" daemon [_thread_blocked, id=7060, stack(0x00000014d0100000,0x00000014d0200000)]

Other Threads:
  0x000001e939f0a800 VMThread "VM Thread" [stack: 0x00000014cdf00000,0x00000014ce000000] [id=14056]
  0x000001e93c771800 WatcherThread [stack: 0x00000014cea00000,0x00000014ceb00000] [id=13552]
  0x000001e91ff3a000 GCTaskThread "ParGC Thread#0" [stack: 0x00000014cde00000,0x00000014cdf00000] [id=4572]
  0x000001e93aed3000 GCTaskThread "ParGC Thread#1" [stack: 0x00000014cec00000,0x00000014ced00000] [id=7268]
  0x000001e93cfec800 GCTaskThread "ParGC Thread#2" [stack: 0x00000014cef00000,0x00000014cf000000] [id=12676]
  0x000001e93d30d800 GCTaskThread "ParGC Thread#3" [stack: 0x00000014cf000000,0x00000014cf100000] [id=9208]
  0x000001e93d30a000 GCTaskThread "ParGC Thread#4" [stack: 0x00000014cf400000,0x00000014cf500000] [id=6336]
  0x000001e93d0c2800 GCTaskThread "ParGC Thread#5" [stack: 0x00000014cf500000,0x00000014cf600000] [id=12484]
  0x000001e93d9fd000 GCTaskThread "ParGC Thread#6" [stack: 0x00000014cf800000,0x00000014cf900000] [id=2644]
  0x000001e93d7fa000 GCTaskThread "ParGC Thread#7" [stack: 0x00000014cf900000,0x00000014cfa00000] [id=14320]
  0x000001e93d837000 GCTaskThread "ParGC Thread#8" [stack: 0x00000014cfa00000,0x00000014cfb00000] [id=12108]
  0x000001e93d838000 GCTaskThread "ParGC Thread#9" [stack: 0x00000014cfb00000,0x00000014cfc00000] [id=8884]

Threads with active compile tasks:
C1 CompilerThread0   4547 3703   !   3       org.eclipse.jdt.internal.compiler.parser.Scanner::getNextToken0 (3042 bytes)
C2 CompilerThread1   4547 3671 %     4       org.objectweb.asm.ClassReader::readCode @ 71 (5089 bytes)
C2 CompilerThread2   4547 3721       4       java.io.WinNTFileSystem::normalize (143 bytes)

VM state:not at safepoint (normal execution)

VM Mutex/Monitor currently owned by a thread: None

Heap address: 0x00000000c0000000, size: 1024 MB, Compressed Oops mode: 32-bit
Narrow klass base: 0x0000000000000000, Narrow klass shift: 3
Compressed class space size: 1073741824 Address: 0x0000000100000000

Heap:
 PSYoungGen      total 25088K, used 15455K [0x00000000eab00000, 0x00000000ec680000, 0x0000000100000000)
  eden space 24064K, 60% used [0x00000000eab00000,0x00000000eb91bbe8,0x00000000ec280000)
  from space 1024K, 98% used [0x00000000ec300000,0x00000000ec3fc108,0x00000000ec400000)
  to   space 2048K, 0% used [0x00000000ec480000,0x00000000ec480000,0x00000000ec680000)
 ParOldGen       total 68608K, used 25440K [0x00000000c0000000, 0x00000000c4300000, 0x00000000eab00000)
  object space 68608K, 37% used [0x00000000c0000000,0x00000000c18d8068,0x00000000c4300000)
 Metaspace       used 37643K, capacity 39590K, committed 39896K, reserved 1085440K
  class space    used 3569K, capacity 4280K, committed 4352K, reserved 1048576K

Card table byte_map: [0x000001e91f890000,0x000001e91faa0000] _byte_map_base: 0x000001e91f290000

Marking Bits: (ParMarkBitMap*) 0x00007ff9d26bbcf0
 Begin Bits: [0x000001e9375f0000, 0x000001e9385f0000)
 End Bits:   [0x000001e9385f0000, 0x000001e9395f0000)

Polling page: 0x000001e91dab0000

Metaspace:

Usage:
  Non-class:     34.48 MB capacity,    33.27 MB ( 96%) used,     1.13 MB (  3%) free+waste,    77.06 KB ( <1%) overhead. 
      Class:      4.18 MB capacity,     3.49 MB ( 83%) used,   674.05 KB ( 16%) free+waste,    36.19 KB ( <1%) overhead. 
       Both:     38.66 MB capacity,    36.76 MB ( 95%) used,     1.79 MB (  5%) free+waste,   113.25 KB ( <1%) overhead. 

Virtual space:
  Non-class space:       36.00 MB reserved,      34.71 MB ( 96%) committed 
      Class space:        1.00 GB reserved,       4.25 MB ( <1%) committed 
             Both:        1.04 GB reserved,      38.96 MB (  4%) committed 

Chunk freelists:
   Non-Class:  42.00 KB
       Class:  8.00 KB
        Both:  50.00 KB

MaxMetaspaceSize: 17179869184.00 GB
CompressedClassSpaceSize: 1.00 GB
Initial GC threshold: 20.80 MB
Current GC threshold: 57.64 MB
CDS: off

CodeHeap 'non-profiled nmethods': size=120000Kb used=1852Kb max_used=1852Kb free=118147Kb
 bounds [0x000001e9300c0000, 0x000001e930330000, 0x000001e9375f0000]
CodeHeap 'profiled nmethods': size=120000Kb used=8261Kb max_used=8261Kb free=111738Kb
 bounds [0x000001e928b90000, 0x000001e9293b0000, 0x000001e9300c0000]
CodeHeap 'non-nmethods': size=5760Kb used=1279Kb max_used=1327Kb free=4480Kb
 bounds [0x000001e9285f0000, 0x000001e928860000, 0x000001e928b90000]
 total_blobs=4231 nmethods=3666 adapters=479
 compilation: enabled
              stopped_count=0, restarted_count=0
 full_count=0

Compilation events (20 events):
Event: 4.260 Thread 0x000001e93acd7800 3684       4       org.objectweb.asm.Type::getArgumentsAndReturnSizes (140 bytes)
Event: 4.280 Thread 0x000001e93acd7800 nmethod 3684 0x000001e930285790 code [0x000001e930285960, 0x000001e9302861b8]
Event: 4.281 Thread 0x000001e93acd7800 3680 %     4       org.objectweb.asm.SymbolTable::<init> @ 98 (536 bytes)
Event: 4.354 Thread 0x000001e93aceb000 3688       3       org.eclipse.jdt.internal.compiler.parser.Parser::ntAction (8 bytes)
Event: 4.354 Thread 0x000001e93aceb000 nmethod 3688 0x000001e929362410 code [0x000001e9293625c0, 0x000001e9293626d8]
Event: 4.354 Thread 0x000001e93aceb000 3689       3       org.eclipse.jdt.internal.compiler.parser.Parser::consumeRule (7641 bytes)
Event: 4.402 Thread 0x000001e93aceb000 nmethod 3689 0x000001e929362790 code [0x000001e9293661e0, 0x000001e929397688]
Event: 4.403 Thread 0x000001e93aceb000 3699       3       org.eclipse.jdt.internal.compiler.parser.Scanner::getCurrentIdentifierSource (142 bytes)
Event: 4.403 Thread 0x000001e93ace6800 3721       4       java.io.WinNTFileSystem::normalize (143 bytes)
Event: 4.403 Thread 0x000001e93aceb000 nmethod 3699 0x000001e92939f210 code [0x000001e92939f460, 0x000001e92939fb18]
Event: 4.403 Thread 0x000001e93aceb000 3696       3       lombok.eclipse.EclipseAST::traverseChildren (41 bytes)
Event: 4.403 Thread 0x000001e93aceb000 nmethod 3696 0x000001e92939fc90 code [0x000001e92939fe80, 0x000001e9293a0328]
Event: 4.403 Thread 0x000001e93aceb000 3710       3       java.util.IdentityHashMap::put (137 bytes)
Event: 4.404 Thread 0x000001e93aceb000 nmethod 3710 0x000001e9293a0590 code [0x000001e9293a07c0, 0x000001e9293a1158]
Event: 4.404 Thread 0x000001e93aceb000 3703   !   3       org.eclipse.jdt.internal.compiler.parser.Scanner::getNextToken0 (3042 bytes)
Event: 4.405 Thread 0x000001e93acd7800 nmethod 3680% 0x000001e930286810 code [0x000001e930286be0, 0x000001e930289e50]
Event: 4.406 Thread 0x000001e93acd7800 3700       4       org.eclipse.jdt.internal.compiler.parser.Parser::ntAction (8 bytes)
Event: 4.406 Thread 0x000001e93acd7800 nmethod 3700 0x000001e93028c890 code [0x000001e93028ca20, 0x000001e93028ca98]
Event: 4.406 Thread 0x000001e93acd7800 3706       4       java.util.ArrayDeque::pollFirst (36 bytes)
Event: 4.407 Thread 0x000001e93acd7800 nmethod 3706 0x000001e93028cb90 code [0x000001e93028cd20, 0x000001e93028cdd8]

GC Heap History (20 events):
Event: 3.156 GC heap before
{Heap before GC invocations=10 (full 1):
 PSYoungGen      total 27648K, used 27632K [0x00000000eab00000, 0x00000000ecd80000, 0x0000000100000000)
  eden space 22528K, 100% used [0x00000000eab00000,0x00000000ec100000,0x00000000ec100000)
  from space 5120K, 99% used [0x00000000ec700000,0x00000000ecbfc280,0x00000000ecc00000)
  to   space 6144K, 0% used [0x00000000ec100000,0x00000000ec100000,0x00000000ec700000)
 ParOldGen       total 68608K, used 7954K [0x00000000c0000000, 0x00000000c4300000, 0x00000000eab00000)
  object space 68608K, 11% used [0x00000000c0000000,0x00000000c07c4830,0x00000000c4300000)
 Metaspace       used 31182K, capacity 33082K, committed 33152K, reserved 1079296K
  class space    used 3001K, capacity 3712K, committed 3712K, reserved 1048576K
}
Event: 3.162 GC heap after
{Heap after GC invocations=10 (full 1):
 PSYoungGen      total 27648K, used 5171K [0x00000000eab00000, 0x00000000ecb80000, 0x0000000100000000)
  eden space 22016K, 0% used [0x00000000eab00000,0x00000000eab00000,0x00000000ec080000)
  from space 5632K, 91% used [0x00000000ec100000,0x00000000ec60cf90,0x00000000ec680000)
  to   space 5120K, 0% used [0x00000000ec680000,0x00000000ec680000,0x00000000ecb80000)
 ParOldGen       total 68608K, used 9979K [0x00000000c0000000, 0x00000000c4300000, 0x00000000eab00000)
  object space 68608K, 14% used [0x00000000c0000000,0x00000000c09bee20,0x00000000c4300000)
 Metaspace       used 31182K, capacity 33082K, committed 33152K, reserved 1079296K
  class space    used 3001K, capacity 3712K, committed 3712K, reserved 1048576K
}
Event: 3.253 GC heap before
{Heap before GC invocations=11 (full 1):
 PSYoungGen      total 27648K, used 27187K [0x00000000eab00000, 0x00000000ecb80000, 0x0000000100000000)
  eden space 22016K, 100% used [0x00000000eab00000,0x00000000ec080000,0x00000000ec080000)
  from space 5632K, 91% used [0x00000000ec100000,0x00000000ec60cf90,0x00000000ec680000)
  to   space 5120K, 0% used [0x00000000ec680000,0x00000000ec680000,0x00000000ecb80000)
 ParOldGen       total 68608K, used 9979K [0x00000000c0000000, 0x00000000c4300000, 0x00000000eab00000)
  object space 68608K, 14% used [0x00000000c0000000,0x00000000c09bee20,0x00000000c4300000)
 Metaspace       used 31348K, capacity 33210K, committed 33408K, reserved 1079296K
  class space    used 3014K, capacity 3712K, committed 3712K, reserved 1048576K
}
Event: 3.264 GC heap after
{Heap after GC invocations=11 (full 1):
 PSYoungGen      total 26624K, used 4562K [0x00000000eab00000, 0x00000000ecb00000, 0x0000000100000000)
  eden space 22016K, 0% used [0x00000000eab00000,0x00000000eab00000,0x00000000ec080000)
  from space 4608K, 99% used [0x00000000ec680000,0x00000000ecaf4b38,0x00000000ecb00000)
  to   space 5120K, 0% used [0x00000000ec100000,0x00000000ec100000,0x00000000ec600000)
 ParOldGen       total 68608K, used 13000K [0x00000000c0000000, 0x00000000c4300000, 0x00000000eab00000)
  object space 68608K, 18% used [0x00000000c0000000,0x00000000c0cb2008,0x00000000c4300000)
 Metaspace       used 31348K, capacity 33210K, committed 33408K, reserved 1079296K
  class space    used 3014K, capacity 3712K, committed 3712K, reserved 1048576K
}
Event: 3.306 GC heap before
{Heap before GC invocations=12 (full 1):
 PSYoungGen      total 26624K, used 26578K [0x00000000eab00000, 0x00000000ecb00000, 0x0000000100000000)
  eden space 22016K, 100% used [0x00000000eab00000,0x00000000ec080000,0x00000000ec080000)
  from space 4608K, 99% used [0x00000000ec680000,0x00000000ecaf4b38,0x00000000ecb00000)
  to   space 5120K, 0% used [0x00000000ec100000,0x00000000ec100000,0x00000000ec600000)
 ParOldGen       total 68608K, used 13000K [0x00000000c0000000, 0x00000000c4300000, 0x00000000eab00000)
  object space 68608K, 18% used [0x00000000c0000000,0x00000000c0cb2008,0x00000000c4300000)
 Metaspace       used 31349K, capacity 33210K, committed 33408K, reserved 1079296K
  class space    used 3014K, capacity 3712K, committed 3712K, reserved 1048576K
}
Event: 3.318 GC heap after
{Heap after GC invocations=12 (full 1):
 PSYoungGen      total 24576K, used 2208K [0x00000000eab00000, 0x00000000ec780000, 0x0000000100000000)
  eden space 22016K, 0% used [0x00000000eab00000,0x00000000eab00000,0x00000000ec080000)
  from space 2560K, 86% used [0x00000000ec100000,0x00000000ec328000,0x00000000ec380000)
  to   space 3584K, 0% used [0x00000000ec400000,0x00000000ec400000,0x00000000ec780000)
 ParOldGen       total 68608K, used 17531K [0x00000000c0000000, 0x00000000c4300000, 0x00000000eab00000)
  object space 68608K, 25% used [0x00000000c0000000,0x00000000c111ec60,0x00000000c4300000)
 Metaspace       used 31349K, capacity 33210K, committed 33408K, reserved 1079296K
  class space    used 3014K, capacity 3712K, committed 3712K, reserved 1048576K
}
Event: 3.372 GC heap before
{Heap before GC invocations=13 (full 1):
 PSYoungGen      total 24576K, used 24224K [0x00000000eab00000, 0x00000000ec780000, 0x0000000100000000)
  eden space 22016K, 100% used [0x00000000eab00000,0x00000000ec080000,0x00000000ec080000)
  from space 2560K, 86% used [0x00000000ec100000,0x00000000ec328000,0x00000000ec380000)
  to   space 3584K, 0% used [0x00000000ec400000,0x00000000ec400000,0x00000000ec780000)
 ParOldGen       total 68608K, used 17531K [0x00000000c0000000, 0x00000000c4300000, 0x00000000eab00000)
  object space 68608K, 25% used [0x00000000c0000000,0x00000000c111ec60,0x00000000c4300000)
 Metaspace       used 31349K, capacity 33210K, committed 33408K, reserved 1079296K
  class space    used 3014K, capacity 3712K, committed 3712K, reserved 1048576K
}
Event: 3.394 GC heap after
{Heap after GC invocations=13 (full 1):
 PSYoungGen      total 25088K, used 2624K [0x00000000eab00000, 0x00000000ec700000, 0x0000000100000000)
  eden space 22016K, 0% used [0x00000000eab00000,0x00000000eab00000,0x00000000ec080000)
  from space 3072K, 85% used [0x00000000ec400000,0x00000000ec690010,0x00000000ec700000)
  to   space 3072K, 0% used [0x00000000ec100000,0x00000000ec100000,0x00000000ec400000)
 ParOldGen       total 68608K, used 19651K [0x00000000c0000000, 0x00000000c4300000, 0x00000000eab00000)
  object space 68608K, 28% used [0x00000000c0000000,0x00000000c1330c60,0x00000000c4300000)
 Metaspace       used 31349K, capacity 33210K, committed 33408K, reserved 1079296K
  class space    used 3014K, capacity 3712K, committed 3712K, reserved 1048576K
}
Event: 3.470 GC heap before
{Heap before GC invocations=14 (full 1):
 PSYoungGen      total 25088K, used 24640K [0x00000000eab00000, 0x00000000ec700000, 0x0000000100000000)
  eden space 22016K, 100% used [0x00000000eab00000,0x00000000ec080000,0x00000000ec080000)
  from space 3072K, 85% used [0x00000000ec400000,0x00000000ec690010,0x00000000ec700000)
  to   space 3072K, 0% used [0x00000000ec100000,0x00000000ec100000,0x00000000ec400000)
 ParOldGen       total 68608K, used 19651K [0x00000000c0000000, 0x00000000c4300000, 0x00000000eab00000)
  object space 68608K, 28% used [0x00000000c0000000,0x00000000c1330c60,0x00000000c4300000)
 Metaspace       used 31527K, capacity 33383K, committed 33536K, reserved 1079296K
  class space    used 3027K, capacity 3749K, committed 3840K, reserved 1048576K
}
Event: 3.478 GC heap after
{Heap after GC invocations=14 (full 1):
 PSYoungGen      total 25088K, used 2784K [0x00000000eab00000, 0x00000000ec680000, 0x0000000100000000)
  eden space 22016K, 0% used [0x00000000eab00000,0x00000000eab00000,0x00000000ec080000)
  from space 3072K, 90% used [0x00000000ec100000,0x00000000ec3b8000,0x00000000ec400000)
  to   space 2560K, 0% used [0x00000000ec400000,0x00000000ec400000,0x00000000ec680000)
 ParOldGen       total 68608K, used 22177K [0x00000000c0000000, 0x00000000c4300000, 0x00000000eab00000)
  object space 68608K, 32% used [0x00000000c0000000,0x00000000c15a84f0,0x00000000c4300000)
 Metaspace       used 31527K, capacity 33383K, committed 33536K, reserved 1079296K
  class space    used 3027K, capacity 3749K, committed 3840K, reserved 1048576K
}
Event: 3.676 GC heap before
{Heap before GC invocations=15 (full 1):
 PSYoungGen      total 25088K, used 24788K [0x00000000eab00000, 0x00000000ec680000, 0x0000000100000000)
  eden space 22016K, 99% used [0x00000000eab00000,0x00000000ec07d0f8,0x00000000ec080000)
  from space 3072K, 90% used [0x00000000ec100000,0x00000000ec3b8000,0x00000000ec400000)
  to   space 2560K, 0% used [0x00000000ec400000,0x00000000ec400000,0x00000000ec680000)
 ParOldGen       total 68608K, used 22177K [0x00000000c0000000, 0x00000000c4300000, 0x00000000eab00000)
  object space 68608K, 32% used [0x00000000c0000000,0x00000000c15a84f0,0x00000000c4300000)
 Metaspace       used 33288K, capacity 35260K, committed 35416K, reserved 1081344K
  class space    used 3153K, capacity 3883K, committed 3968K, reserved 1048576K
}
Event: 3.685 GC heap after
{Heap after GC invocations=15 (full 1):
 PSYoungGen      total 23040K, used 805K [0x00000000eab00000, 0x00000000ec500000, 0x0000000100000000)
  eden space 22016K, 0% used [0x00000000eab00000,0x00000000eab00000,0x00000000ec080000)
  from space 1024K, 78% used [0x00000000ec400000,0x00000000ec4c9460,0x00000000ec500000)
  to   space 2048K, 0% used [0x00000000ec100000,0x00000000ec100000,0x00000000ec300000)
 ParOldGen       total 68608K, used 24929K [0x00000000c0000000, 0x00000000c4300000, 0x00000000eab00000)
  object space 68608K, 36% used [0x00000000c0000000,0x00000000c18584f0,0x00000000c4300000)
 Metaspace       used 33288K, capacity 35260K, committed 35416K, reserved 1081344K
  class space    used 3153K, capacity 3883K, committed 3968K, reserved 1048576K
}
Event: 3.685 GC heap before
{Heap before GC invocations=16 (full 1):
 PSYoungGen      total 23040K, used 1055K [0x00000000eab00000, 0x00000000ec500000, 0x0000000100000000)
  eden space 22016K, 1% used [0x00000000eab00000,0x00000000eab3ea60,0x00000000ec080000)
  from space 1024K, 78% used [0x00000000ec400000,0x00000000ec4c9460,0x00000000ec500000)
  to   space 2048K, 0% used [0x00000000ec100000,0x00000000ec100000,0x00000000ec300000)
 ParOldGen       total 68608K, used 24929K [0x00000000c0000000, 0x00000000c4300000, 0x00000000eab00000)
  object space 68608K, 36% used [0x00000000c0000000,0x00000000c18584f0,0x00000000c4300000)
 Metaspace       used 33297K, capacity 35270K, committed 35416K, reserved 1081344K
  class space    used 3155K, capacity 3885K, committed 3968K, reserved 1048576K
}
Event: 3.687 GC heap after
{Heap after GC invocations=16 (full 1):
 PSYoungGen      total 24064K, used 96K [0x00000000eab00000, 0x00000000ec480000, 0x0000000100000000)
  eden space 22016K, 0% used [0x00000000eab00000,0x00000000eab00000,0x00000000ec080000)
  from space 2048K, 4% used [0x00000000ec100000,0x00000000ec118000,0x00000000ec300000)
  to   space 512K, 0% used [0x00000000ec400000,0x00000000ec400000,0x00000000ec480000)
 ParOldGen       total 68608K, used 25570K [0x00000000c0000000, 0x00000000c4300000, 0x00000000eab00000)
  object space 68608K, 37% used [0x00000000c0000000,0x00000000c18f8920,0x00000000c4300000)
 Metaspace       used 33297K, capacity 35270K, committed 35416K, reserved 1081344K
  class space    used 3155K, capacity 3885K, committed 3968K, reserved 1048576K
}
Event: 3.687 GC heap before
{Heap before GC invocations=17 (full 2):
 PSYoungGen      total 24064K, used 96K [0x00000000eab00000, 0x00000000ec480000, 0x0000000100000000)
  eden space 22016K, 0% used [0x00000000eab00000,0x00000000eab00000,0x00000000ec080000)
  from space 2048K, 4% used [0x00000000ec100000,0x00000000ec118000,0x00000000ec300000)
  to   space 512K, 0% used [0x00000000ec400000,0x00000000ec400000,0x00000000ec480000)
 ParOldGen       total 68608K, used 25570K [0x00000000c0000000, 0x00000000c4300000, 0x00000000eab00000)
  object space 68608K, 37% used [0x00000000c0000000,0x00000000c18f8920,0x00000000c4300000)
 Metaspace       used 33297K, capacity 35270K, committed 35416K, reserved 1081344K
  class space    used 3155K, capacity 3885K, committed 3968K, reserved 1048576K
}
Event: 3.858 GC heap after
{Heap after GC invocations=17 (full 2):
 PSYoungGen      total 24064K, used 0K [0x00000000eab00000, 0x00000000ec480000, 0x0000000100000000)
  eden space 22016K, 0% used [0x00000000eab00000,0x00000000eab00000,0x00000000ec080000)
  from space 2048K, 0% used [0x00000000ec100000,0x00000000ec100000,0x00000000ec300000)
  to   space 512K, 0% used [0x00000000ec400000,0x00000000ec400000,0x00000000ec480000)
 ParOldGen       total 68608K, used 24975K [0x00000000c0000000, 0x00000000c4300000, 0x00000000eab00000)
  object space 68608K, 36% used [0x00000000c0000000,0x00000000c1863de0,0x00000000c4300000)
 Metaspace       used 33297K, capacity 35270K, committed 35416K, reserved 1081344K
  class space    used 3155K, capacity 3885K, committed 3968K, reserved 1048576K
}
Event: 4.100 GC heap before
{Heap before GC invocations=18 (full 2):
 PSYoungGen      total 24064K, used 22016K [0x00000000eab00000, 0x00000000ec480000, 0x0000000100000000)
  eden space 22016K, 100% used [0x00000000eab00000,0x00000000ec080000,0x00000000ec080000)
  from space 2048K, 0% used [0x00000000ec100000,0x00000000ec100000,0x00000000ec300000)
  to   space 512K, 0% used [0x00000000ec400000,0x00000000ec400000,0x00000000ec480000)
 ParOldGen       total 68608K, used 24975K [0x00000000c0000000, 0x00000000c4300000, 0x00000000eab00000)
  object space 68608K, 36% used [0x00000000c0000000,0x00000000c1863de0,0x00000000c4300000)
 Metaspace       used 34423K, capacity 36366K, committed 36568K, reserved 1081344K
  class space    used 3287K, capacity 4018K, committed 4096K, reserved 1048576K
}
Event: 4.102 GC heap after
{Heap after GC invocations=18 (full 2):
 PSYoungGen      total 25088K, used 440K [0x00000000eab00000, 0x00000000ecf80000, 0x0000000100000000)
  eden space 24576K, 0% used [0x00000000eab00000,0x00000000eab00000,0x00000000ec300000)
  from space 512K, 86% used [0x00000000ec400000,0x00000000ec46e328,0x00000000ec480000)
  to   space 1024K, 0% used [0x00000000ec300000,0x00000000ec300000,0x00000000ec400000)
 ParOldGen       total 68608K, used 24983K [0x00000000c0000000, 0x00000000c4300000, 0x00000000eab00000)
  object space 68608K, 36% used [0x00000000c0000000,0x00000000c1865de0,0x00000000c4300000)
 Metaspace       used 34423K, capacity 36366K, committed 36568K, reserved 1081344K
  class space    used 3287K, capacity 4018K, committed 4096K, reserved 1048576K
}
Event: 4.235 GC heap before
{Heap before GC invocations=19 (full 2):
 PSYoungGen      total 25088K, used 25016K [0x00000000eab00000, 0x00000000ecf80000, 0x0000000100000000)
  eden space 24576K, 100% used [0x00000000eab00000,0x00000000ec300000,0x00000000ec300000)
  from space 512K, 86% used [0x00000000ec400000,0x00000000ec46e328,0x00000000ec480000)
  to   space 1024K, 0% used [0x00000000ec300000,0x00000000ec300000,0x00000000ec400000)
 ParOldGen       total 68608K, used 24983K [0x00000000c0000000, 0x00000000c4300000, 0x00000000eab00000)
  object space 68608K, 36% used [0x00000000c0000000,0x00000000c1865de0,0x00000000c4300000)
 Metaspace       used 35213K, capacity 37201K, committed 37336K, reserved 1083392K
  class space    used 3356K, capacity 4083K, committed 4096K, reserved 1048576K
}
Event: 4.242 GC heap after
{Heap after GC invocations=19 (full 2):
 PSYoungGen      total 25088K, used 1008K [0x00000000eab00000, 0x00000000ec680000, 0x0000000100000000)
  eden space 24064K, 0% used [0x00000000eab00000,0x00000000eab00000,0x00000000ec280000)
  from space 1024K, 98% used [0x00000000ec300000,0x00000000ec3fc108,0x00000000ec400000)
  to   space 2048K, 0% used [0x00000000ec480000,0x00000000ec480000,0x00000000ec680000)
 ParOldGen       total 68608K, used 25440K [0x00000000c0000000, 0x00000000c4300000, 0x00000000eab00000)
  object space 68608K, 37% used [0x00000000c0000000,0x00000000c18d8068,0x00000000c4300000)
 Metaspace       used 35213K, capacity 37201K, committed 37336K, reserved 1083392K
  class space    used 3356K, capacity 4083K, committed 4096K, reserved 1048576K
}

Deoptimization events (20 events):
Event: 4.058 Thread 0x000001e93ace7000 DEOPT PACKING pc=0x000001e9301ac2b4 sp=0x00000014cfefbc20
Event: 4.058 Thread 0x000001e93ace7000 DEOPT UNPACKING pc=0x000001e92863a1af sp=0x00000014cfefbbe8 mode 2
Event: 4.059 Thread 0x000001e93ace7000 Uncommon trap: trap_request=0xffffff4d fr.pc=0x000001e9300dd91c relative=0x000000000000035c
Event: 4.059 Thread 0x000001e93ace7000 Uncommon trap: reason=unstable_if action=reinterpret pc=0x000001e9300dd91c method=java.lang.StringLatin1.indexOf([BI[BII)I @ 27 c2
Event: 4.059 Thread 0x000001e93ace7000 DEOPT PACKING pc=0x000001e9300dd91c sp=0x00000014cfef8240
Event: 4.059 Thread 0x000001e93ace7000 DEOPT UNPACKING pc=0x000001e92863a1af sp=0x00000014cfef81a0 mode 2
Event: 4.113 Thread 0x000001e93ace7000 DEOPT PACKING pc=0x000001e928c066a1 sp=0x00000014cfefafe0
Event: 4.113 Thread 0x000001e93ace7000 DEOPT UNPACKING pc=0x000001e92863a95e sp=0x00000014cfefa4d8 mode 0
Event: 4.125 Thread 0x000001e93ace7000 Uncommon trap: trap_request=0xffffffcc fr.pc=0x000001e930274a50 relative=0x0000000000000d30
Event: 4.125 Thread 0x000001e93ace7000 Uncommon trap: reason=intrinsic_or_type_checked_inlining action=make_not_entrant pc=0x000001e930274a50 method=java.util.ArrayList.toArray([Ljava/lang/Object;)[Ljava/lang/Object; @ 36 c2
Event: 4.125 Thread 0x000001e93ace7000 DEOPT PACKING pc=0x000001e930274a50 sp=0x00000014cfefb9b0
Event: 4.125 Thread 0x000001e93ace7000 DEOPT UNPACKING pc=0x000001e92863a1af sp=0x00000014cfefb900 mode 2
Event: 4.221 Thread 0x000001e93ace7000 DEOPT PACKING pc=0x000001e929306298 sp=0x00000014cfef7fe0
Event: 4.221 Thread 0x000001e93ace7000 DEOPT UNPACKING pc=0x000001e92863a95e sp=0x00000014cfef7520 mode 0
Event: 4.227 Thread 0x000001e93ace7000 DEOPT PACKING pc=0x000001e929306298 sp=0x00000014cfef7fe0
Event: 4.227 Thread 0x000001e93ace7000 DEOPT UNPACKING pc=0x000001e92863a95e sp=0x00000014cfef7520 mode 0
Event: 4.231 Thread 0x000001e93ace7000 DEOPT PACKING pc=0x000001e929306298 sp=0x00000014cfef7fe0
Event: 4.231 Thread 0x000001e93ace7000 DEOPT UNPACKING pc=0x000001e92863a95e sp=0x00000014cfef7520 mode 0
Event: 4.249 Thread 0x000001e93ace7000 DEOPT PACKING pc=0x000001e929306298 sp=0x00000014cfef80b0
Event: 4.249 Thread 0x000001e93ace7000 DEOPT UNPACKING pc=0x000001e92863a95e sp=0x00000014cfef75f0 mode 0

Classes redefined (0 events):
No events

Internal exceptions (20 events):
Event: 1.612 Thread 0x000001e93d3bc000 Exception <a 'java/lang/NoSuchMethodError'{0x00000000ead99fc0}: 'void java.lang.invoke.DirectMethodHandle$Holder.invokeSpecial(java.lang.Object, java.lang.Object, java.lang.Object, java.lang.Object)'> (0x00000000ead99fc0) thrown at [./src/hotspot/share/interpreter/linkResolver.cpp, line 773]
Event: 1.617 Thread 0x000001e93d3bc000 Exception <a 'java/io/FileNotFoundException'{0x00000000eadf3c70}> (0x00000000eadf3c70) thrown at [./src/hotspot/share/prims/jni.cpp, line 615]
Event: 1.768 Thread 0x000001e93d3bc000 Exception <a 'java/lang/NoSuchMethodError'{0x00000000eae8cc30}: 'int java.lang.invoke.DirectMethodHandle$Holder.invokeStaticInit(java.lang.Object, java.lang.Object, java.lang.Object)'> (0x00000000eae8cc30) thrown at [./src/hotspot/share/interpreter/linkResolver.cpp, line 773]
Event: 1.773 Thread 0x000001e93d3bc000 Exception <a 'java/lang/IncompatibleClassChangeError'{0x00000000eaf1c8d8}: Found class java.lang.Object, but interface was expected> (0x00000000eaf1c8d8) thrown at [./src/hotspot/share/interpreter/linkResolver.cpp, line 839]
Event: 1.930 Thread 0x000001e93d3bc000 Exception <a 'java/lang/ClassNotFoundException'{0x00000000eac280f8}: com/sun/org/apache/xerces/internal/impl/msg/spi/DOMMessagesProvider> (0x00000000eac280f8) thrown at [./src/hotspot/share/classfile/systemDictionary.cpp, line 231]
Event: 1.932 Thread 0x000001e93d3bc000 Implicit null exception at 0x000001e930190d89 to 0x000001e930191af8
Event: 1.935 Thread 0x000001e93d3bc000 Exception <a 'java/lang/ClassNotFoundException'{0x00000000eac9ad78}: com/sun/org/apache/xerces/internal/impl/msg/spi/XMLSerializerMessagesProvider> (0x00000000eac9ad78) thrown at [./src/hotspot/share/classfile/systemDictionary.cpp, line 231]
Event: 1.936 Thread 0x000001e93d3bc000 Exception <a 'java/lang/ClassNotFoundException'{0x00000000eacb0d40}: com/sun/org/apache/xerces/internal/impl/msg/spi/XMLMessagesProvider> (0x00000000eacb0d40) thrown at [./src/hotspot/share/classfile/systemDictionary.cpp, line 231]
Event: 2.505 Thread 0x000001e93d3bc000 Exception <a 'java/lang/ClassNotFoundException'{0x00000000eb239af8}: com/sun/org/apache/xml/internal/serializer/spi/XMLEntitiesProvider> (0x00000000eb239af8) thrown at [./src/hotspot/share/classfile/systemDictionary.cpp, line 231]
Event: 2.570 Thread 0x000001e93d3bc000 Exception <a 'java/io/FileNotFoundException'{0x00000000eb688830}> (0x00000000eb688830) thrown at [./src/hotspot/share/prims/jni.cpp, line 615]
Event: 2.576 Thread 0x000001e93d3bc000 Exception <a 'java/io/FileNotFoundException'{0x00000000eb6f3c78}> (0x00000000eb6f3c78) thrown at [./src/hotspot/share/prims/jni.cpp, line 615]
Event: 2.581 Thread 0x000001e93d3bc000 Exception <a 'java/io/FileNotFoundException'{0x00000000eb768fc0}> (0x00000000eb768fc0) thrown at [./src/hotspot/share/prims/jni.cpp, line 615]
Event: 2.767 Thread 0x000001e93ace7000 Exception <a 'java/io/FileNotFoundException'{0x00000000eaf5ec10}> (0x00000000eaf5ec10) thrown at [./src/hotspot/share/prims/jni.cpp, line 615]
Event: 3.023 Thread 0x000001e93d816000 Exception <a 'java/io/FileNotFoundException'{0x00000000eb3c22c8}> (0x00000000eb3c22c8) thrown at [./src/hotspot/share/prims/jni.cpp, line 615]
Event: 3.023 Thread 0x000001e93d816000 Exception <a 'java/io/FileNotFoundException'{0x00000000eb3c42b8}> (0x00000000eb3c42b8) thrown at [./src/hotspot/share/prims/jni.cpp, line 615]
Event: 3.025 Thread 0x000001e93d816000 Exception <a 'java/lang/NoSuchMethodError'{0x00000000eb3d8070}: 'void java.lang.invoke.DirectMethodHandle$Holder.invokeStaticInit(java.lang.Object, java.lang.Object, java.lang.Object)'> (0x00000000eb3d8070) thrown at [./src/hotspot/share/interpreter/linkResolver.cpp, line 773]
Event: 3.498 Thread 0x000001e93ace7000 Exception <a 'java/lang/NoSuchMethodError'{0x00000000eabb3260}: 'java.lang.Object java.lang.invoke.DirectMethodHandle$Holder.invokeInterface(java.lang.Object, java.lang.Object, java.lang.Object)'> (0x00000000eabb3260) thrown at [./src/hotspot/share/interpreter/linkResolver.cpp, line 773]
Event: 3.651 Thread 0x000001e93ace7000 Implicit null exception at 0x000001e93025d366 to 0x000001e93025d430
Event: 3.673 Thread 0x000001e93ace7000 Exception <a 'java/lang/ArrayIndexOutOfBoundsException'{0x00000000ec00a020}: Index 4752 out of bounds for length 4752> (0x00000000ec00a020) thrown at [./src/hotspot/share/interpreter/interpreterRuntime.cpp, line 444]
Event: 4.058 Thread 0x000001e93ace7000 Implicit null exception at 0x000001e9301ab482 to 0x000001e9301ac294

Events (20 events):
Event: 3.965 loading class java/util/Vector$1
Event: 3.966 loading class java/util/Vector$1 done
Event: 3.977 Thread 0x000001e93acec000 Thread added: 0x000001e93acec000
Event: 4.058 loading class java/util/Collections$UnmodifiableSortedSet
Event: 4.058 loading class java/util/Collections$UnmodifiableSortedSet done
Event: 4.075 Executing VM operation: BulkRevokeBias
Event: 4.076 Executing VM operation: BulkRevokeBias done
Event: 4.083 loading class java/util/regex/Pattern$Caret
Event: 4.083 loading class java/util/regex/Pattern$Caret done
Event: 4.100 Executing VM operation: ParallelGCFailedAllocation
Event: 4.102 Executing VM operation: ParallelGCFailedAllocation done
Event: 4.111 loading class java/util/TreeMap$KeySet
Event: 4.111 loading class java/util/TreeMap$KeySet done
Event: 4.111 loading class java/util/TreeMap$KeyIterator
Event: 4.111 loading class java/util/TreeMap$KeyIterator done
Event: 4.125 Executing VM operation: RevokeBias
Event: 4.125 Executing VM operation: RevokeBias done
Event: 4.234 Executing VM operation: ParallelGCFailedAllocation
Event: 4.242 Executing VM operation: ParallelGCFailedAllocation done
Event: 4.403 Thread 0x000001e93ace6800 Thread added: 0x000001e93ace6800


Dynamic libraries:
0x00007ff76b230000 - 0x00007ff76b23d000 	C:\Java\jdk11\bin\java.exe
0x00007ffa29c20000 - 0x00007ffa29e27000 	C:\WINDOWS\SYSTEM32\ntdll.dll
0x00007ffa286d0000 - 0x00007ffa2878d000 	C:\WINDOWS\System32\KERNEL32.DLL
0x00007ffa27610000 - 0x00007ffa27984000 	C:\WINDOWS\System32\KERNELBASE.dll
0x00007ffa27990000 - 0x00007ffa27aa1000 	C:\WINDOWS\System32\ucrtbase.dll
0x00007ffa0a010000 - 0x00007ffa0a025000 	C:\Java\jdk11\bin\VCRUNTIME140.dll
0x00007ffa09df0000 - 0x00007ffa09e07000 	C:\Java\jdk11\bin\jli.dll
0x00007ffa28120000 - 0x00007ffa282cc000 	C:\WINDOWS\System32\USER32.dll
0x00007ffa27480000 - 0x00007ffa274a6000 	C:\WINDOWS\System32\win32u.dll
0x00007ffa16440000 - 0x00007ffa166e5000 	C:\WINDOWS\WinSxS\amd64_microsoft.windows.common-controls_6595b64144ccf1df_6.0.22000.120_none_9d947278b86cc467\COMCTL32.dll
0x00007ffa283f0000 - 0x00007ffa28419000 	C:\WINDOWS\System32\GDI32.dll
0x00007ffa295f0000 - 0x00007ffa29693000 	C:\WINDOWS\System32\msvcrt.dll
0x00007ffa27180000 - 0x00007ffa27292000 	C:\WINDOWS\System32\gdi32full.dll
0x00007ffa27570000 - 0x00007ffa2760d000 	C:\WINDOWS\System32\msvcp_win.dll
0x00007ffa280d0000 - 0x00007ffa28101000 	C:\WINDOWS\System32\IMM32.DLL
0x00007ff9f8fb0000 - 0x00007ff9f8fdd000 	C:\Program Files\MacType\MacType64.dll
0x00007ffa29460000 - 0x00007ffa2950c000 	C:\WINDOWS\System32\ADVAPI32.dll
0x00007ffa29050000 - 0x00007ffa290ed000 	C:\WINDOWS\System32\sechost.dll
0x00007ffa292c0000 - 0x00007ffa293e1000 	C:\WINDOWS\System32\RPCRT4.dll
0x00007ff9f8fe0000 - 0x00007ff9f903a000 	C:\Program Files\MacType\Easyhk64.dll
0x00007ff9f8ea0000 - 0x00007ff9f8fab000 	C:\Program Files\MacType\MacType64.Core.dll
0x00007ff9eacb0000 - 0x00007ff9ead4b000 	C:\Java\jdk11\bin\msvcp140.dll
0x00007ff9d1c20000 - 0x00007ff9d2779000 	C:\Java\jdk11\bin\server\jvm.dll
0x00007ffa28110000 - 0x00007ffa28118000 	C:\WINDOWS\System32\PSAPI.DLL
0x00007ffa21a70000 - 0x00007ffa21a7a000 	C:\WINDOWS\SYSTEM32\VERSION.dll
0x00007ffa1a550000 - 0x00007ffa1a583000 	C:\WINDOWS\SYSTEM32\WINMM.dll
0x00007ffa24420000 - 0x00007ffa24429000 	C:\WINDOWS\SYSTEM32\WSOCK32.dll
0x00007ffa293f0000 - 0x00007ffa2945f000 	C:\WINDOWS\System32\WS2_32.dll
0x00007ffa26230000 - 0x00007ffa26248000 	C:\WINDOWS\SYSTEM32\kernel.appcore.dll
0x00007ffa20e40000 - 0x00007ffa20e50000 	C:\Java\jdk11\bin\verify.dll
0x00007ffa17140000 - 0x00007ffa17361000 	C:\WINDOWS\SYSTEM32\DBGHELP.DLL
0x00007ffa16e40000 - 0x00007ffa16e71000 	C:\WINDOWS\SYSTEM32\dbgcore.DLL
0x00007ffa27100000 - 0x00007ffa27180000 	C:\WINDOWS\System32\bcryptPrimitives.dll
0x00007ffa08a20000 - 0x00007ffa08a48000 	C:\Java\jdk11\bin\java.dll
0x00007ffa17400000 - 0x00007ffa1740a000 	C:\Java\jdk11\bin\jimage.dll
0x00007ffa173b0000 - 0x00007ffa173be000 	C:\Java\jdk11\bin\instrument.dll
0x00007ffa09d70000 - 0x00007ffa09d87000 	C:\Java\jdk11\bin\zip.dll
0x00007ffa28790000 - 0x00007ffa28f39000 	C:\WINDOWS\System32\SHELL32.dll
0x00007ffa252b0000 - 0x00007ffa25b12000 	C:\WINDOWS\SYSTEM32\windows.storage.dll
0x00007ffa29730000 - 0x00007ffa29aa8000 	C:\WINDOWS\System32\combase.dll
0x00007ffa25140000 - 0x00007ffa252a6000 	C:\WINDOWS\SYSTEM32\wintypes.dll
0x00007ffa28f60000 - 0x00007ffa2904a000 	C:\WINDOWS\System32\SHCORE.dll
0x00007ffa28070000 - 0x00007ffa280cd000 	C:\WINDOWS\System32\shlwapi.dll
0x00007ffa27030000 - 0x00007ffa27051000 	C:\WINDOWS\SYSTEM32\profapi.dll
0x00007ff9fbe30000 - 0x00007ff9fbe49000 	C:\Java\jdk11\bin\net.dll
0x00007ffa22740000 - 0x00007ffa2284c000 	C:\WINDOWS\SYSTEM32\WINHTTP.dll
0x00007ffa26640000 - 0x00007ffa266a7000 	C:\WINDOWS\system32\mswsock.dll
0x00007ff9f62f0000 - 0x00007ff9f6302000 	C:\Java\jdk11\bin\nio.dll
0x00007ffa26880000 - 0x00007ffa26898000 	C:\WINDOWS\SYSTEM32\CRYPTSP.dll
0x00007ffa26190000 - 0x00007ffa261c5000 	C:\WINDOWS\system32\rsaenh.dll
0x00007ffa26730000 - 0x00007ffa26759000 	C:\WINDOWS\SYSTEM32\USERENV.dll
0x00007ffa26a80000 - 0x00007ffa26aa7000 	C:\WINDOWS\SYSTEM32\bcrypt.dll
0x00007ffa268a0000 - 0x00007ffa268ac000 	C:\WINDOWS\SYSTEM32\CRYPTBASE.dll
0x00007ffa25d70000 - 0x00007ffa25d9d000 	C:\WINDOWS\SYSTEM32\IPHLPAPI.DLL
0x00007ffa290f0000 - 0x00007ffa290f9000 	C:\WINDOWS\System32\NSI.dll
0x00007ffa22880000 - 0x00007ffa22899000 	C:\WINDOWS\SYSTEM32\dhcpcsvc6.DLL
0x00007ffa229f0000 - 0x00007ffa22a0e000 	C:\WINDOWS\SYSTEM32\dhcpcsvc.DLL
0x00007ffa25da0000 - 0x00007ffa25e87000 	C:\WINDOWS\SYSTEM32\DNSAPI.dll
0x00007ff9ed5d0000 - 0x00007ff9ed60e000 	C:\Users\Grey\AppData\Roaming\Code\User\globalStorage\redhat.java\0.81.0\config_ss_win\org.eclipse.equinox.launcher\org.eclipse.equinox.launcher.win32.win32.x86_64_1.2.300.v20210622-1446\eclipse_11503.dll
0x00007ff9ed940000 - 0x00007ff9ed951000 	C:\Users\Grey\AppData\Roaming\Code\User\globalStorage\redhat.java\0.81.0\config_ss_win\org.eclipse.osgi\16\0\.cp\jWinHttp-1.0.0.dll
0x000001e93eff0000 - 0x000001e93f18a000 	C:\WINDOWS\System32\ole32.dll

dbghelp: loaded successfully - version: 4.0.5 - missing functions: none
symbol engine: initialized successfully - sym options: 0x614 - pdb path: .;C:\Java\jdk11\bin;C:\WINDOWS\SYSTEM32;C:\WINDOWS\WinSxS\amd64_microsoft.windows.common-controls_6595b64144ccf1df_6.0.22000.120_none_9d947278b86cc467;C:\Program Files\MacType;C:\Java\jdk11\bin\server;C:\Users\Grey\AppData\Roaming\Code\User\globalStorage\redhat.java\0.81.0\config_ss_win\org.eclipse.equinox.launcher\org.eclipse.equinox.launcher.win32.win32.x86_64_1.2.300.v20210622-1446;C:\Users\Grey\AppData\Roaming\Code\User\globalStorage\redhat.java\0.81.0\config_ss_win\org.eclipse.osgi\16\0\.cp

VM Arguments:
jvm_args: --add-modules=ALL-SYSTEM --add-opens=java.base/java.util=ALL-UNNAMED --add-opens=java.base/java.lang=ALL-UNNAMED -Declipse.application=org.eclipse.jdt.ls.core.id1 -Dosgi.bundles.defaultStartLevel=4 -Declipse.product=org.eclipse.jdt.ls.core.product -Dfile.encoding=utf8 -DwatchParentProcess=false -XX:+UseParallelGC -XX:GCTimeRatio=4 -XX:AdaptiveSizePolicyWeight=90 -Dsun.zip.disableMemoryMapping=true -Xmx1G -Xms100m -javaagent:c:\Users\Grey\.vscode\extensions\gabrielbb.vscode-lombok-1.0.1\server\lombok.jar -Xverify:none 
java_command: c:\Users\Grey\.vscode\extensions\redhat.java-0.81.0\server\plugins\org.eclipse.equinox.launcher_1.6.200.v20210416-2027.jar -configuration c:\Users\Grey\AppData\Roaming\Code\User\globalStorage\redhat.java\0.81.0\config_ss_win -data c:\Users\Grey\AppData\Roaming\Code\User\workspaceStorage\31c77627d4f019969ae3594030c0cf17\redhat.java\ss_ws
java_class_path (initial): c:\Users\Grey\.vscode\extensions\redhat.java-0.81.0\server\plugins\org.eclipse.equinox.launcher_1.6.200.v20210416-2027.jar
Launcher Type: SUN_STANDARD

[Global flags]
    uintx AdaptiveSizePolicyWeight                 = 90                                        {product} {command line}
     bool BytecodeVerificationLocal                = false                                     {product} {command line}
     bool BytecodeVerificationRemote               = false                                     {product} {command line}
     intx CICompilerCount                          = 4                                         {product} {ergonomic}
    uintx GCTimeRatio                              = 4                                         {product} {command line}
   size_t InitialHeapSize                          = 104857600                                 {product} {command line}
   size_t MaxHeapSize                              = 1073741824                                {product} {command line}
   size_t MaxNewSize                               = 357564416                                 {product} {ergonomic}
   size_t MinHeapDeltaBytes                        = 524288                                    {product} {ergonomic}
   size_t NewSize                                  = 34603008                                  {product} {ergonomic}
    uintx NonNMethodCodeHeapSize                   = 5836300                                {pd product} {ergonomic}
    uintx NonProfiledCodeHeapSize                  = 122910970                              {pd product} {ergonomic}
   size_t OldSize                                  = 70254592                                  {product} {ergonomic}
    uintx ProfiledCodeHeapSize                     = 122910970                              {pd product} {ergonomic}
    uintx ReservedCodeCacheSize                    = 251658240                              {pd product} {ergonomic}
     bool SegmentedCodeCache                       = true                                      {product} {ergonomic}
     bool UseCompressedClassPointers               = true                                 {lp64_product} {ergonomic}
     bool UseCompressedOops                        = true                                 {lp64_product} {ergonomic}
     bool UseLargePagesIndividualAllocation        = false                                  {pd product} {ergonomic}
     bool UseParallelGC                            = true                                      {product} {command line}

Logging:
Log output configuration:
 #0: stdout all=warning uptime,level,tags
 #1: stderr all=off uptime,level,tags

Environment Variables:
JAVA_HOME=C:\Java\jdk11
PATH=C:\Program Files\Git\usr\bin;C:\Program Files (x86)\VMware\VMware Workstation\bin\;C:\Java\jdk11\bin;C:\WINDOWS\system32;C:\WINDOWS;C:\WINDOWS\System32\Wbem;C:\WINDOWS\System32\WindowsPowerShell\v1.0\;C:\WINDOWS\System32\OpenSSH\;C:\Program Files\Microsoft VS Code\bin;C:\Program Files (x86)\NetSarang\Xshell 7\;C:\Program Files (x86)\NetSarang\Xftp 7\;C:\maven\bin;C:\Program Files\Git\cmd;C:\Program Files\Go\bin;C:\Users\Grey\.cargo\bin;C:\Users\Grey\AppData\Local\Microsoft\WindowsApps;C:\Users\Grey\go\bin
USERNAME=Grey
OS=Windows_NT
PROCESSOR_IDENTIFIER=Intel64 Family 6 Model 158 Stepping 10, GenuineIntel



---------------  S Y S T E M  ---------------

OS: Windows 10 , 64 bit Build 22000 (10.0.22000.120)
OS uptime: 0 days 0:08 hours

CPU:total 12 (initial active 12) (6 cores per cpu, 2 threads per core) family 6 model 158 stepping 10 microcode 0xde, cmov, cx8, fxsr, mmx, sse, sse2, sse3, ssse3, sse4.1, sse4.2, popcnt, avx, avx2, aes, clmul, erms, rtm, 3dnowpref, lzcnt, ht, tsc, tscinvbit, bmi1, bmi2, adx, fma

Memory: 4k page, system-wide physical 32606M (25897M free)
TotalPageFile size 37470M (AvailPageFile size 30603M)
current process WorkingSet (physical memory assigned to process): 188M, peak: 190M
current process commit charge ("private bytes"): 288M, peak: 290M

vm_info: OpenJDK 64-Bit Server VM (11.0.12+7) for windows-amd64 JRE (11.0.12+7), built on Jul 21 2021 16:23:49 by "" with unknown MS VC++:1916

END.
